<?xml version="1.0" encoding="UTF-8"?>
<testng-results ignored="2" total="3" passed="1" failed="0" skipped="0">
  <reporter-output>
  </reporter-output>
  <suite started-at="2024-10-16T17:14:54 IST" name="Default suite" finished-at="2024-10-16T17:15:47 IST" duration-ms="53220">
    <groups>
    </groups>
    <test started-at="2024-10-16T17:14:54 IST" name="Default test" finished-at="2024-10-16T17:15:47 IST" duration-ms="53220">
      <class name="testcase.Login_Page">
        <test-method is-config="true" signature="launchBrowser()[pri:0, instance:testcase.Login_Page@28f2a10f]" started-at="2024-10-16T17:14:54 IST" name="launchBrowser" finished-at="2024-10-16T17:15:42 IST" duration-ms="48711" status="PASS">
          <reporter-output>
          </reporter-output>
        </test-method> <!-- launchBrowser -->
        <test-method signature="TC_03()[pri:0, instance:testcase.Login_Page@28f2a10f]" started-at="2024-10-16T17:15:42 IST" name="TC_03" finished-at="2024-10-16T17:15:47 IST" duration-ms="4457" status="PASS">
          <reporter-output>
          </reporter-output>
        </test-method> <!-- TC_03 -->
      </class> <!-- testcase.Login_Page -->
    </test> <!-- Default test -->
  </suite> <!-- Default suite -->
</testng-results>
